<?xml version="1.0" encoding="UTF-8"?>
<testsuite name="edu.bsu.cs222.QuestionTest" tests="3" skipped="0" failures="0" errors="0" timestamp="2021-10-24T18:21:43" hostname="LAPTOP-L6S16H2U" time="0.037">
  <properties/>
  <testcase name="testForIncorrectAnswerResponse()" classname="edu.bsu.cs222.QuestionTest" time="0.031"/>
  <testcase name="testForQuestionText()" classname="edu.bsu.cs222.QuestionTest" time="0.004"/>
  <testcase name="testForCorrectAnswerResponse()" classname="edu.bsu.cs222.QuestionTest" time="0.001"/>
  <system-out><![CDATA[]]></system-out>
  <system-err><![CDATA[]]></system-err>
</testsuite>
