<?xml version="1.0" encoding="UTF-8"?>
<testsuite name="edu.bsu.cs222.QuestionFormatterTest" tests="1" skipped="0" failures="0" errors="0" timestamp="2021-10-26T17:41:47" hostname="LAPTOP-L6S16H2U" time="0.019">
  <properties/>
  <testcase name="formatQuestionTest()" classname="edu.bsu.cs222.QuestionFormatterTest" time="0.019"/>
  <system-out><![CDATA[]]></system-out>
  <system-err><![CDATA[]]></system-err>
</testsuite>
